#
# There is insufficient memory for the Java Runtime Environment to continue.
# Native memory allocation (malloc) failed to allocate 4088 bytes for AllocateHeap
# Possible reasons:
#   The system is out of physical RAM or swap space
#   In 32 bit mode, the process size limit was hit
# Possible solutions:
#   Reduce memory load on the system
#   Increase physical memory or swap space
#   Check if swap backing store is full
#   Use 64 bit Java on a 64 bit OS
#   Decrease Java heap size (-Xmx/-Xms)
#   Decrease number of Java threads
#   Decrease Java thread stack sizes (-Xss)
#   Set larger code cache with -XX:ReservedCodeCacheSize=
# This output file may be truncated or incomplete.
#
#  Out of Memory Error (memory/allocation.inline.hpp:61), pid=5996, tid=0x0000000000002b4c
#
# JRE version: Java(TM) SE Runtime Environment (8.0_144-b01) (build 1.8.0_144-b01)
# Java VM: Java HotSpot(TM) 64-Bit Server VM (25.144-b01 mixed mode windows-amd64 compressed oops)
# Failed to write core dump. Minidumps are not enabled by default on client versions of Windows
#

---------------  T H R E A D  ---------------

Current thread (0x00000000027ae800):  GCTaskThread [stack: 0x00000000122a0000,0x00000000123a0000] [id=11084]

Stack: [0x00000000122a0000,0x00000000123a0000]
[error occurred during error reporting (printing stack bounds), id 0xc0000005]

Native frames: (J=compiled Java code, j=interpreted, Vv=VM code, C=native code)


---------------  P R O C E S S  ---------------

Java Threads: ( => current thread )
  0x000000001716f800 JavaThread "Timer-0" [_thread_blocked, id=7012, stack(0x0000000020930000,0x0000000020a30000)]
  0x0000000017152800 JavaThread "TimerQueue" daemon [_thread_blocked, id=5928, stack(0x000000001d6f0000,0x000000001d7f0000)]
  0x0000000017019800 JavaThread "Swing-Shell" daemon [_thread_blocked, id=4784, stack(0x000000001d0b0000,0x000000001d1b0000)]
  0x0000000002792800 JavaThread "DestroyJavaVM" [_thread_blocked, id=11960, stack(0x0000000002290000,0x0000000002390000)]
  0x0000000016e98000 JavaThread "AWT-EventQueue-0" [_thread_blocked, id=12788, stack(0x0000000018220000,0x0000000018320000)]
  0x0000000016e36800 JavaThread "AWT-Windows" daemon [_thread_blocked, id=15528, stack(0x0000000017860000,0x0000000017960000)]
  0x0000000016e35800 JavaThread "AWT-Shutdown" [_thread_blocked, id=17244, stack(0x0000000017760000,0x0000000017860000)]
  0x0000000016e33000 JavaThread "Java2D Disposer" daemon [_thread_blocked, id=11164, stack(0x0000000017660000,0x0000000017760000)]
  0x0000000016274000 JavaThread "Service Thread" daemon [_thread_blocked, id=8800, stack(0x0000000016af0000,0x0000000016bf0000)]
  0x0000000014ea0800 JavaThread "C1 CompilerThread2" daemon [_thread_blocked, id=9352, stack(0x00000000169f0000,0x0000000016af0000)]
  0x0000000014e9d800 JavaThread "C2 CompilerThread1" daemon [_thread_blocked, id=11540, stack(0x00000000168f0000,0x00000000169f0000)]
  0x0000000014e9b800 JavaThread "C2 CompilerThread0" daemon [_thread_blocked, id=14160, stack(0x00000000167f0000,0x00000000168f0000)]
  0x0000000014e9b000 JavaThread "Attach Listener" daemon [_thread_blocked, id=14548, stack(0x00000000166f0000,0x00000000167f0000)]
  0x0000000016233800 JavaThread "Signal Dispatcher" daemon [_thread_blocked, id=7868, stack(0x00000000165f0000,0x00000000166f0000)]
  0x0000000014e6a800 JavaThread "Finalizer" daemon [_thread_blocked, id=5972, stack(0x00000000160f0000,0x00000000161f0000)]
  0x0000000014e49000 JavaThread "Reference Handler" daemon [_thread_blocked, id=18244, stack(0x0000000015ff0000,0x00000000160f0000)]

Other Threads:
  0x0000000014e48000 VMThread [stack: 0x0000000015ef0000,0x0000000015ff0000] [id=13784]
  0x00000000162c0800 WatcherThread [stack: 0x0000000016bf0000,0x0000000016cf0000] [id=17652]

=>0x00000000027ae800 (exited) GCTaskThread [stack: 0x00000000122a0000,0x00000000123a0000] [id=11084]

VM state:at safepoint (normal execution)

VM Mutex/Monitor currently owned by a thread:  ([mutex/lock_event])
[0x000000000241e390] Threads_lock - owner thread: 0x0000000014e48000
[0x000000000241e890] Heap_lock - owner thread: 0x0000000016e98000

Heap:
 PSYoungGen      total 167936K, used 159200K [0x00000000eb300000, 0x00000000f6a80000, 0x0000000100000000)
  eden space 151040K, 100% used [0x00000000eb300000,0x00000000f4680000,0x00000000f4680000)
  from space 16896K, 48% used [0x00000000f5a00000,0x00000000f61f8050,0x00000000f6a80000)
  to   space 18432K, 99% used [0x00000000f4680000,0x00000000f587b158,0x00000000f5880000)
 ParOldGen       total 62976K, used 62974K [0x00000000c1800000, 0x00000000c5580000, 0x00000000eb300000)
  object space 62976K, 99% used [0x00000000c1800000,0x00000000c557fab8,0x00000000c5580000)
 Metaspace       used 16648K, capacity 16972K, committed 17408K, reserved 1064960K
  class space    used 2145K, capacity 2234K, committed 2304K, reserved 1048576K

Card table byte_map: [0x0000000011c50000,0x0000000011e50000] byte_map_base: 0x0000000011644000

Marking Bits: (ParMarkBitMap*) 0x000000005d64d850
 Begin Bits: [0x00000000123a0000, 0x0000000013340000)
 End Bits:   [0x0000000013340000, 0x00000000142e0000)

Polling page: 0x0000000000560000

CodeCache: size=245760Kb used=8534Kb max_used=8541Kb free=237225Kb
 bounds [0x0000000002890000, 0x00000000030f0000, 0x0000000011890000]
 total_blobs=3118 nmethods=2592 adapters=437
 compilation: enabled

Compilation events (10 events):
Event: 68.258 Thread 0x0000000014ea0800 2615       3       java.lang.StringBuilder::append (8 bytes)
Event: 68.258 Thread 0x0000000014ea0800 nmethod 2615 0x00000000030c4310 code [0x00000000030c4480, 0x00000000030c4608]
Event: 68.298 Thread 0x0000000014ea0800 2616   !   3       sun.misc.URLClassPath$FileLoader::getResource (164 bytes)
Event: 68.299 Thread 0x0000000014ea0800 nmethod 2616 0x00000000030ca510 code [0x00000000030ca840, 0x00000000030cc2a8]
Event: 68.299 Thread 0x0000000014ea0800 2617       3       cn.com.cjf.entity.Char::<init> (45 bytes)
Event: 68.299 Thread 0x0000000014ea0800 nmethod 2617 0x00000000030ca110 code [0x00000000030ca260, 0x00000000030ca450]
Event: 68.300 Thread 0x0000000014e9b800 2618       4       cn.com.cjf.entity.Char::<init> (45 bytes)
Event: 68.301 Thread 0x0000000014e9b800 nmethod 2618 0x00000000030c5750 code [0x00000000030c5880, 0x00000000030c58f8]
Event: 68.306 Thread 0x0000000014ea0800 2619       3       java.util.zip.ZipFile::getZipEntry (251 bytes)
Event: 68.307 Thread 0x0000000014ea0800 nmethod 2619 0x00000000030edb10 code [0x00000000030edd60, 0x00000000030ee968]

GC Heap History (10 events):
Event: 21.696 GC heap after
Heap after GC invocations=9 (full 0):
 PSYoungGen      total 78336K, used 14848K [0x00000000eb300000, 0x00000000f3e80000, 0x0000000100000000)
  eden space 63488K, 0% used [0x00000000eb300000,0x00000000eb300000,0x00000000ef100000)
  from space 14848K, 100% used [0x00000000ef100000,0x00000000eff80000,0x00000000eff80000)
  to   space 20480K, 0% used [0x00000000f2a80000,0x00000000f2a80000,0x00000000f3e80000)
 ParOldGen       total 44032K, used 34383K [0x00000000c1800000, 0x00000000c4300000, 0x00000000eb300000)
  object space 44032K, 78% used [0x00000000c1800000,0x00000000c3993d58,0x00000000c4300000)
 Metaspace       used 14487K, capacity 14754K, committed 15104K, reserved 1062912K
  class space    used 1935K, capacity 2008K, committed 2048K, reserved 1048576K
}
Event: 21.697 GC heap before
{Heap before GC invocations=10 (full 1):
 PSYoungGen      total 78336K, used 14848K [0x00000000eb300000, 0x00000000f3e80000, 0x0000000100000000)
  eden space 63488K, 0% used [0x00000000eb300000,0x00000000eb300000,0x00000000ef100000)
  from space 14848K, 100% used [0x00000000ef100000,0x00000000eff80000,0x00000000eff80000)
  to   space 20480K, 0% used [0x00000000f2a80000,0x00000000f2a80000,0x00000000f3e80000)
 ParOldGen       total 44032K, used 34383K [0x00000000c1800000, 0x00000000c4300000, 0x00000000eb300000)
  object space 44032K, 78% used [0x00000000c1800000,0x00000000c3993d58,0x00000000c4300000)
 Metaspace       used 14487K, capacity 14754K, committed 15104K, reserved 1062912K
  class space    used 1935K, capacity 2008K, committed 2048K, reserved 1048576K
Event: 21.916 GC heap after
Heap after GC invocations=10 (full 1):
 PSYoungGen      total 78336K, used 0K [0x00000000eb300000, 0x00000000f3e80000, 0x0000000100000000)
  eden space 63488K, 0% used [0x00000000eb300000,0x00000000eb300000,0x00000000ef100000)
  from space 14848K, 0% used [0x00000000ef100000,0x00000000ef100000,0x00000000eff80000)
  to   space 20480K, 0% used [0x00000000f2a80000,0x00000000f2a80000,0x00000000f3e80000)
 ParOldGen       total 57344K, used 26935K [0x00000000c1800000, 0x00000000c5000000, 0x00000000eb300000)
  object space 57344K, 46% used [0x00000000c1800000,0x00000000c324dc38,0x00000000c5000000)
 Metaspace       used 14487K, capacity 14754K, committed 15104K, reserved 1062912K
  class space    used 1935K, capacity 2008K, committed 2048K, reserved 1048576K
}
Event: 22.009 GC heap before
{Heap before GC invocations=11 (full 1):
 PSYoungGen      total 78336K, used 63488K [0x00000000eb300000, 0x00000000f3e80000, 0x0000000100000000)
  eden space 63488K, 100% used [0x00000000eb300000,0x00000000ef100000,0x00000000ef100000)
  from space 14848K, 0% used [0x00000000ef100000,0x00000000ef100000,0x00000000eff80000)
  to   space 20480K, 0% used [0x00000000f2a80000,0x00000000f2a80000,0x00000000f3e80000)
 ParOldGen       total 57344K, used 26935K [0x00000000c1800000, 0x00000000c5000000, 0x00000000eb300000)
  object space 57344K, 46% used [0x00000000c1800000,0x00000000c324dc38,0x00000000c5000000)
 Metaspace       used 14489K, capacity 14754K, committed 15104K, reserved 1062912K
  class space    used 1935K, capacity 2008K, committed 2048K, reserved 1048576K
Event: 22.022 GC heap after
Heap after GC invocations=11 (full 1):
 PSYoungGen      total 113152K, used 6688K [0x00000000eb300000, 0x00000000f3980000, 0x0000000100000000)
  eden space 97792K, 0% used [0x00000000eb300000,0x00000000eb300000,0x00000000f1280000)
  from space 15360K, 43% used [0x00000000f2a80000,0x00000000f3108020,0x00000000f3980000)
  to   space 19968K, 0% used [0x00000000f1280000,0x00000000f1280000,0x00000000f2600000)
 ParOldGen       total 57344K, used 26935K [0x00000000c1800000, 0x00000000c5000000, 0x00000000eb300000)
  object space 57344K, 46% used [0x00000000c1800000,0x00000000c324dc38,0x00000000c5000000)
 Metaspace       used 14489K, capacity 14754K, committed 15104K, reserved 1062912K
  class space    used 1935K, capacity 2008K, committed 2048K, reserved 1048576K
}
Event: 22.141 GC heap before
{Heap before GC invocations=12 (full 1):
 PSYoungGen      total 113152K, used 104480K [0x00000000eb300000, 0x00000000f3980000, 0x0000000100000000)
  eden space 97792K, 100% used [0x00000000eb300000,0x00000000f1280000,0x00000000f1280000)
  from space 15360K, 43% used [0x00000000f2a80000,0x00000000f3108020,0x00000000f3980000)
  to   space 19968K, 0% used [0x00000000f1280000,0x00000000f1280000,0x00000000f2600000)
 ParOldGen       total 57344K, used 26935K [0x00000000c1800000, 0x00000000c5000000, 0x00000000eb300000)
  object space 57344K, 46% used [0x00000000c1800000,0x00000000c324dc38,0x00000000c5000000)
 Metaspace       used 14489K, capacity 14754K, committed 15104K, reserved 1062912K
  class space    used 1935K, capacity 2008K, committed 2048K, reserved 1048576K
Event: 22.167 GC heap after
Heap after GC invocations=12 (full 1):
 PSYoungGen      total 117760K, used 10304K [0x00000000eb300000, 0x00000000f6d00000, 0x0000000100000000)
  eden space 97792K, 0% used [0x00000000eb300000,0x00000000eb300000,0x00000000f1280000)
  from space 19968K, 51% used [0x00000000f1280000,0x00000000f1c90020,0x00000000f2600000)
  to   space 19456K, 0% used [0x00000000f5a00000,0x00000000f5a00000,0x00000000f6d00000)
 ParOldGen       total 57344K, used 33611K [0x00000000c1800000, 0x00000000c5000000, 0x00000000eb300000)
  object space 57344K, 58% used [0x00000000c1800000,0x00000000c38d2d18,0x00000000c5000000)
 Metaspace       used 14489K, capacity 14754K, committed 15104K, reserved 1062912K
  class space    used 1935K, capacity 2008K, committed 2048K, reserved 1048576K
}
Event: 22.542 GC heap before
{Heap before GC invocations=13 (full 1):
 PSYoungGen      total 117760K, used 108096K [0x00000000eb300000, 0x00000000f6d00000, 0x0000000100000000)
  eden space 97792K, 100% used [0x00000000eb300000,0x00000000f1280000,0x00000000f1280000)
  from space 19968K, 51% used [0x00000000f1280000,0x00000000f1c90020,0x00000000f2600000)
  to   space 19456K, 0% used [0x00000000f5a00000,0x00000000f5a00000,0x00000000f6d00000)
 ParOldGen       total 57344K, used 33611K [0x00000000c1800000, 0x00000000c5000000, 0x00000000eb300000)
  object space 57344K, 58% used [0x00000000c1800000,0x00000000c38d2d18,0x00000000c5000000)
 Metaspace       used 14596K, capacity 14818K, committed 15104K, reserved 1062912K
  class space    used 1941K, capacity 2008K, committed 2048K, reserved 1048576K
Event: 22.570 GC heap after
Heap after GC invocations=13 (full 1):
 PSYoungGen      total 167936K, used 8160K [0x00000000eb300000, 0x00000000f6a80000, 0x0000000100000000)
  eden space 151040K, 0% used [0x00000000eb300000,0x00000000eb300000,0x00000000f4680000)
  from space 16896K, 48% used [0x00000000f5a00000,0x00000000f61f8050,0x00000000f6a80000)
  to   space 18432K, 0% used [0x00000000f4680000,0x00000000f4680000,0x00000000f5880000)
 ParOldGen       total 57344K, used 43943K [0x00000000c1800000, 0x00000000c5000000, 0x00000000eb300000)
  object space 57344K, 76% used [0x00000000c1800000,0x00000000c42e9dd8,0x00000000c5000000)
 Metaspace       used 14596K, capacity 14818K, committed 15104K, reserved 1062912K
  class space    used 1941K, capacity 2008K, committed 2048K, reserved 1048576K
}
Event: 68.312 GC heap before
{Heap before GC invocations=14 (full 1):
 PSYoungGen      total 167936K, used 159200K [0x00000000eb300000, 0x00000000f6a80000, 0x0000000100000000)
  eden space 151040K, 100% used [0x00000000eb300000,0x00000000f4680000,0x00000000f4680000)
  from space 16896K, 48% used [0x00000000f5a00000,0x00000000f61f8050,0x00000000f6a80000)
  to   space 18432K, 0% used [0x00000000f4680000,0x00000000f4680000,0x00000000f5880000)
 ParOldGen       total 57344K, used 43943K [0x00000000c1800000, 0x00000000c5000000, 0x00000000eb300000)
  object space 57344K, 76% used [0x00000000c1800000,0x00000000c42e9dd8,0x00000000c5000000)
 Metaspace       used 16648K, capacity 16972K, committed 17408K, reserved 1064960K
  class space    used 2145K, capacity 2234K, committed 2304K, reserved 1048576K

Deoptimization events (10 events):
Event: 65.833 Thread 0x0000000016e98000 Uncommon trap: reason=class_check action=maybe_recompile pc=0x0000000002e7b124 method=java.util.regex.Pattern$BmpCharProperty.match(Ljava/util/regex/Matcher;ILjava/lang/CharSequence;)Z @ 16
Event: 65.833 Thread 0x0000000016e98000 Uncommon trap: reason=class_check action=maybe_recompile pc=0x0000000002e7b124 method=java.util.regex.Pattern$BmpCharProperty.match(Ljava/util/regex/Matcher;ILjava/lang/CharSequence;)Z @ 16
Event: 65.840 Thread 0x0000000016e98000 Uncommon trap: reason=class_check action=maybe_recompile pc=0x0000000002e77104 method=java.util.regex.Matcher.getTextLength()I @ 4
Event: 65.840 Thread 0x0000000016e98000 Uncommon trap: reason=unstable_if action=reinterpret pc=0x0000000003090590 method=java.util.regex.Pattern$CharProperty.match(Ljava/util/regex/Matcher;ILjava/lang/CharSequence;)Z @ 21
Event: 65.930 Thread 0x0000000016e98000 Uncommon trap: reason=predicate action=maybe_recompile pc=0x00000000030c2be0 method=sun.nio.cs.ext.DoubleByte$Decoder.decode([BII[C)I @ 24
Event: 65.978 Thread 0x0000000016e98000 Uncommon trap: reason=predicate action=maybe_recompile pc=0x00000000030c78b8 method=sun.nio.cs.ext.DoubleByte$Decoder.decode([BII[C)I @ 24
Event: 66.102 Thread 0x0000000016e98000 Uncommon trap: reason=predicate action=maybe_recompile pc=0x00000000030bee90 method=sun.nio.cs.ext.DoubleByte$Decoder.decode([BII[C)I @ 24
Event: 66.108 Thread 0x0000000016e98000 Uncommon trap: reason=unstable_if action=reinterpret pc=0x00000000030c500c method=sun.nio.cs.ext.DoubleByte$Decoder.decode([BII[C)I @ 49
Event: 66.348 Thread 0x0000000016e98000 Uncommon trap: reason=unstable_if action=reinterpret pc=0x00000000030dd280 method=org.ictclas4j.bean.Dictionary.load(Ljava/io/InputStream;Z)Z @ 61
Event: 68.256 Thread 0x0000000016e98000 Uncommon trap: reason=unstable_if action=reinterpret pc=0x00000000030bdf84 method=org.ictclas4j.utility.GFCommon.bytes2long([BZ)J @ 14

Internal exceptions (10 events):
Event: 16.076 Thread 0x0000000016e98000 Exception <a 'java/lang/ClassNotFoundException': org/apache/log4j/PatternLayoutBeanInfo> (0x00000000eb490b58) thrown at [C:\re\workspace\8-2-build-windows-amd64-cygwin\jdk8u144\9417\hotspot\src\share\vm\classfile\systemDictionary.cpp, line 210]
Event: 16.076 Thread 0x0000000016e98000 Exception <a 'java/lang/ClassNotFoundException': org/apache/log4j/LayoutBeanInfo> (0x00000000eb499308) thrown at [C:\re\workspace\8-2-build-windows-amd64-cygwin\jdk8u144\9417\hotspot\src\share\vm\classfile\systemDictionary.cpp, line 210]
Event: 16.076 Thread 0x0000000016e98000 Exception <a 'java/lang/ClassNotFoundException': java/lang/ObjectBeanInfo> (0x00000000eb49d428) thrown at [C:\re\workspace\8-2-build-windows-amd64-cygwin\jdk8u144\9417\hotspot\src\share\vm\classfile\systemDictionary.cpp, line 210]
Event: 16.077 Thread 0x0000000016e98000 Exception <a 'java/lang/ClassNotFoundException': java/lang/ObjectCustomizer> (0x00000000eb4a16a8) thrown at [C:\re\workspace\8-2-build-windows-amd64-cygwin\jdk8u144\9417\hotspot\src\share\vm\classfile\systemDictionary.cpp, line 210]
Event: 16.078 Thread 0x0000000016e98000 Exception <a 'java/lang/ArrayIndexOutOfBoundsException': 18> (0x00000000eb4a3b10) thrown at [C:\re\workspace\8-2-build-windows-amd64-cygwin\jdk8u144\9417\hotspot\src\share\vm\interpreter\interpreterRuntime.cpp, line 366]
Event: 16.079 Thread 0x0000000016e98000 Exception <a 'java/lang/ArrayIndexOutOfBoundsException': 22> (0x00000000eb4a7058) thrown at [C:\re\workspace\8-2-build-windows-amd64-cygwin\jdk8u144\9417\hotspot\src\share\vm\interpreter\interpreterRuntime.cpp, line 366]
Event: 16.080 Thread 0x0000000016e98000 Exception <a 'java/lang/ArrayIndexOutOfBoundsException': 160> (0x00000000eb4a9618) thrown at [C:\re\workspace\8-2-build-windows-amd64-cygwin\jdk8u144\9417\hotspot\src\share\vm\interpreter\interpreterRuntime.cpp, line 366]
Event: 16.081 Thread 0x0000000016e98000 Exception <a 'java/lang/ClassNotFoundException': org/apache/log4j/LayoutCustomizer> (0x00000000eb4b4448) thrown at [C:\re\workspace\8-2-build-windows-amd64-cygwin\jdk8u144\9417\hotspot\src\share\vm\classfile\systemDictionary.cpp, line 210]
Event: 16.083 Thread 0x0000000016e98000 Exception <a 'java/lang/ClassNotFoundException': org/apache/log4j/PatternLayoutCustomizer> (0x00000000eb4cd170) thrown at [C:\re\workspace\8-2-build-windows-amd64-cygwin\jdk8u144\9417\hotspot\src\share\vm\classfile\systemDictionary.cpp, line 210]
Event: 22.259 Thread 0x0000000016e98000 Implicit null exception at 0x0000000002e40764 to 0x0000000002e4230d

Events (10 events):
Event: 68.309 loading class org/ictclas4j/bean/Atom done
Event: 68.310 loading class org/ictclas4j/segment/GraphGenerate
Event: 68.310 loading class org/ictclas4j/segment/GraphGenerate done
Event: 68.310 loading class org/ictclas4j/segment/SegGraph
Event: 68.310 loading class org/ictclas4j/segment/SegGraph done
Event: 68.311 loading class org/ictclas4j/bean/SegNode
Event: 68.311 loading class org/ictclas4j/bean/SegNode done
Event: 68.311 loading class org/ictclas4j/bean/Preword
Event: 68.311 loading class org/ictclas4j/bean/Preword done
Event: 68.312 Executing VM operation: ParallelGCFailedAllocation


Dynamic libraries:
0x00007ff73a680000 - 0x00007ff73a6b7000 	C:\Program Files\Java\jre1.8.0_144\bin\javaw.exe
0x00007ff88d500000 - 0x00007ff88d6d2000 	C:\WINDOWS\SYSTEM32\ntdll.dll
0x00007ff88ab30000 - 0x00007ff88abdc000 	C:\WINDOWS\System32\KERNEL32.DLL
0x00007ff88a4f0000 - 0x00007ff88a70d000 	C:\WINDOWS\System32\KERNELBASE.dll
0x00007ff88aef0000 - 0x00007ff88af92000 	C:\WINDOWS\System32\ADVAPI32.dll
0x00007ff88aa90000 - 0x00007ff88ab2e000 	C:\WINDOWS\System32\msvcrt.dll
0x00007ff88abe0000 - 0x00007ff88ac39000 	C:\WINDOWS\System32\sechost.dll
0x00007ff88ac50000 - 0x00007ff88ad71000 	C:\WINDOWS\System32\RPCRT4.dll
0x00007ff88d330000 - 0x00007ff88d495000 	C:\WINDOWS\System32\USER32.dll
0x00007ff889d90000 - 0x00007ff889dae000 	C:\WINDOWS\System32\win32u.dll
0x00007ff88ad80000 - 0x00007ff88adb4000 	C:\WINDOWS\System32\GDI32.dll
0x00007ff88a710000 - 0x00007ff88a890000 	C:\WINDOWS\System32\gdi32full.dll
0x00007ff8821c0000 - 0x00007ff88243a000 	C:\WINDOWS\WinSxS\amd64_microsoft.windows.common-controls_6595b64144ccf1df_6.0.14393.953_none_42151e83c686086b\COMCTL32.dll
0x00007ff88afa0000 - 0x00007ff88b268000 	C:\WINDOWS\System32\combase.dll
0x00007ff88a990000 - 0x00007ff88aa85000 	C:\WINDOWS\System32\ucrtbase.dll
0x00007ff889a00000 - 0x00007ff889a6a000 	C:\WINDOWS\System32\bcryptPrimitives.dll
0x00007ff88b570000 - 0x00007ff88b59e000 	C:\WINDOWS\System32\IMM32.DLL
0x000000005dfd0000 - 0x000000005e0a2000 	C:\Program Files\Java\jre1.8.0_144\bin\msvcr100.dll
0x000000005ce30000 - 0x000000005d6cd000 	C:\Program Files\Java\jre1.8.0_144\bin\server\jvm.dll
0x00007ff88ac40000 - 0x00007ff88ac48000 	C:\WINDOWS\System32\PSAPI.DLL
0x00007ff885210000 - 0x00007ff88521a000 	C:\WINDOWS\SYSTEM32\VERSION.dll
0x00007ff887800000 - 0x00007ff887823000 	C:\WINDOWS\SYSTEM32\WINMM.dll
0x00007ff8864b0000 - 0x00007ff8864b9000 	C:\WINDOWS\SYSTEM32\WSOCK32.dll
0x00007ff88d220000 - 0x00007ff88d28a000 	C:\WINDOWS\System32\WS2_32.dll
0x00007ff8877a0000 - 0x00007ff8877cb000 	C:\WINDOWS\SYSTEM32\WINMMBASE.dll
0x00007ff88a940000 - 0x00007ff88a982000 	C:\WINDOWS\System32\cfgmgr32.dll
0x000000005e320000 - 0x000000005e32f000 	C:\Program Files\Java\jre1.8.0_144\bin\verify.dll
0x000000005e2f0000 - 0x000000005e319000 	C:\Program Files\Java\jre1.8.0_144\bin\java.dll
0x000000005e2d0000 - 0x000000005e2e6000 	C:\Program Files\Java\jre1.8.0_144\bin\zip.dll
0x00007ff88bba0000 - 0x00007ff88d0a8000 	C:\WINDOWS\System32\SHELL32.dll
0x00007ff889db0000 - 0x00007ff88a488000 	C:\WINDOWS\System32\windows.storage.dll
0x00007ff8899a0000 - 0x00007ff8899ec000 	C:\WINDOWS\System32\powrprof.dll
0x00007ff88d4a0000 - 0x00007ff88d4f2000 	C:\WINDOWS\System32\shlwapi.dll
0x00007ff889970000 - 0x00007ff88997f000 	C:\WINDOWS\System32\kernel.appcore.dll
0x00007ff88a890000 - 0x00007ff88a939000 	C:\WINDOWS\System32\shcore.dll
0x00007ff889980000 - 0x00007ff889994000 	C:\WINDOWS\System32\profapi.dll
0x000000005de30000 - 0x000000005dfc8000 	C:\Program Files\Java\jre1.8.0_144\bin\awt.dll
0x00007ff88adc0000 - 0x00007ff88ae7f000 	C:\WINDOWS\System32\OLEAUT32.dll
0x00007ff889a70000 - 0x00007ff889b0c000 	C:\WINDOWS\System32\msvcp_win.dll
0x00007ff887ff0000 - 0x00007ff88806a000 	C:\WINDOWS\SYSTEM32\apphelp.dll
0x00007ff887510000 - 0x00007ff887536000 	C:\WINDOWS\system32\DWMAPI.DLL
0x00007ff8881d0000 - 0x00007ff888265000 	C:\WINDOWS\system32\uxtheme.dll
0x00007ff87d5a0000 - 0x00007ff87d6c3000 	C:\WINDOWS\system32\opengl32.dll
0x00007ff87c1f0000 - 0x00007ff87c2e7000 	C:\WINDOWS\SYSTEM32\DDRAW.dll
0x00007ff87d6f0000 - 0x00007ff87d71d000 	C:\WINDOWS\SYSTEM32\GLU32.dll
0x00007ff884f40000 - 0x00007ff884f48000 	C:\WINDOWS\SYSTEM32\DCIMAN32.dll
0x00007ff88b5a0000 - 0x00007ff88b6fa000 	C:\WINDOWS\System32\MSCTF.dll
0x00007ff88b430000 - 0x00007ff88b568000 	C:\WINDOWS\System32\ole32.dll
0x000000005dde0000 - 0x000000005de27000 	C:\Program Files\Java\jre1.8.0_144\bin\fontmanager.dll
0x000000005dd30000 - 0x000000005dd4a000 	C:\Program Files\Java\jre1.8.0_144\bin\net.dll
0x00007ff889240000 - 0x00007ff88929c000 	C:\WINDOWS\system32\mswsock.dll
0x000000005dd10000 - 0x000000005dd21000 	C:\Program Files\Java\jre1.8.0_144\bin\nio.dll
0x00007ff88d290000 - 0x00007ff88d32f000 	C:\WINDOWS\System32\clbcatq.dll
0x00007ff884c70000 - 0x00007ff884e18000 	C:\WINDOWS\SYSTEM32\WindowsCodecs.dll
0x00007ff87c830000 - 0x00007ff87c879000 	C:\WINDOWS\system32\dataexchange.dll
0x00007ff886d60000 - 0x00007ff887016000 	C:\WINDOWS\system32\d3d11.dll
0x00007ff887b40000 - 0x00007ff887c91000 	C:\WINDOWS\system32\dcomp.dll
0x00007ff888a10000 - 0x00007ff888aaf000 	C:\WINDOWS\system32\dxgi.dll
0x00007ff8884c0000 - 0x00007ff8885dc000 	C:\WINDOWS\system32\twinapi.appcore.dll
0x00007ff8898b0000 - 0x00007ff8898db000 	C:\WINDOWS\system32\bcrypt.dll
0x00007ff86b180000 - 0x00007ff86b37d000 	C:\WINDOWS\system32\sogoutsf.ime
0x00007ff887910000 - 0x00007ff887917000 	C:\WINDOWS\system32\MSIMG32.dll
0x00007ff8699f0000 - 0x00007ff86a2b2000 	C:\WINDOWS\system32\SogouPy.ime
0x00007ff887400000 - 0x00007ff887465000 	C:\WINDOWS\SYSTEM32\OLEACC.dll
0x00007ff888700000 - 0x00007ff888732000 	C:\WINDOWS\SYSTEM32\ntmarta.dll
0x000000001a380000 - 0x000000001a43b000 	D:\Soft\SogouInput\8.7.0.1657\Resource.dll
0x00007ff868bb0000 - 0x00007ff868e17000 	D:\Soft\SogouInput\Components\PicFace\1.1.0.1781\PicFace64.dll
0x00007ff88d0b0000 - 0x00007ff88d1aa000 	C:\WINDOWS\System32\COMDLG32.dll
0x000000005dd90000 - 0x000000005ddd2000 	C:\Program Files\Java\jre1.8.0_144\bin\t2k.dll
0x00007ff887860000 - 0x00007ff88790c000 	C:\WINDOWS\WinSxS\amd64_microsoft.windows.common-controls_6595b64144ccf1df_5.82.14393.447_none_0d5aa7fbb6d35646\comctl32.dll
0x00007ff887540000 - 0x00007ff8876c5000 	C:\WINDOWS\SYSTEM32\PROPSYS.dll
0x00007ff87b390000 - 0x00007ff87b6f5000 	C:\Windows\System32\ActXPrxy.dll
0x00007ff86ba10000 - 0x00007ff86bb37000 	C:\WINDOWS\system32\NetworkExplorer.dll
0x00007ff887370000 - 0x00007ff88738b000 	C:\WINDOWS\SYSTEM32\MPR.dll
0x00007ff87f2e0000 - 0x00007ff87f2f6000 	C:\WINDOWS\System32\ntlanman.dll
0x00007ff885090000 - 0x00007ff88509b000 	C:\WINDOWS\System32\drprov.dll
0x00007ff8897b0000 - 0x00007ff889806000 	C:\WINDOWS\System32\WINSTA.dll
0x00007ff87ec70000 - 0x00007ff87ec90000 	C:\WINDOWS\System32\davclnt.dll
0x00007ff881db0000 - 0x00007ff881dbc000 	C:\WINDOWS\System32\DAVHLPR.dll
0x00007ff880ce0000 - 0x00007ff880cf6000 	C:\WINDOWS\System32\wkscli.dll
0x00007ff87b1e0000 - 0x00007ff87b1f2000 	C:\WINDOWS\SYSTEM32\cscapi.dll
0x00007ff8890b0000 - 0x00007ff8890bd000 	C:\WINDOWS\System32\netutils.dll
0x00007ff877b50000 - 0x00007ff877b9d000 	C:\Windows\System32\dlnashext.dll
0x00007ff882610000 - 0x00007ff882680000 	C:\Windows\System32\PlayToDevice.dll
0x00007ff8660d0000 - 0x00007ff8660ee000 	C:\Windows\System32\DevDispItemProvider.dll
0x00007ff87e6c0000 - 0x00007ff87e731000 	C:\WINDOWS\System32\MMDevApi.dll
0x00007ff8885e0000 - 0x00007ff888608000 	C:\WINDOWS\System32\DEVOBJ.dll
0x00007ff8676c0000 - 0x00007ff8678bf000 	C:\WINDOWS\system32\wpdshext.dll
0x00007ff886ba0000 - 0x00007ff886d39000 	C:\WINDOWS\WinSxS\amd64_microsoft.windows.gdiplus_6595b64144ccf1df_1.1.14393.1715_none_aec701fbddd850fa\gdiplus.dll
0x00007ff885ba0000 - 0x00007ff885c3e000 	C:\Windows\System32\PortableDeviceApi.dll
0x00007ff88b770000 - 0x00007ff88bb99000 	C:\WINDOWS\System32\SETUPAPI.dll
0x00007ff88a490000 - 0x00007ff88a4e5000 	C:\WINDOWS\System32\WINTRUST.dll
0x00007ff8899f0000 - 0x00007ff889a00000 	C:\WINDOWS\System32\MSASN1.dll
0x00007ff889bc0000 - 0x00007ff889d89000 	C:\WINDOWS\System32\CRYPT32.dll
0x00007ff877100000 - 0x00007ff877136000 	C:\Windows\System32\EhStorShell.dll
0x00007ff879090000 - 0x00007ff8790b5000 	C:\Windows\System32\EhStorAPI.dll
0x00007ff887470000 - 0x00007ff887483000 	C:\Windows\System32\WTSAPI32.dll
0x00007ff880860000 - 0x00007ff880870000 	C:\WINDOWS\SYSTEM32\LINKINFO.dll

VM Arguments:
jvm_args: -Dfile.encoding=UTF-8 
java_command: javaPro.SimpleFrame
java_class_path (initial): C:\Program Files\Java\jre1.8.0_144\lib\resources.jar;C:\Program Files\Java\jre1.8.0_144\lib\rt.jar;C:\Program Files\Java\jre1.8.0_144\lib\jsse.jar;C:\Program Files\Java\jre1.8.0_144\lib\jce.jar;C:\Program Files\Java\jre1.8.0_144\lib\charsets.jar;C:\Program Files\Java\jre1.8.0_144\lib\jfr.jar;C:\Program Files\Java\jre1.8.0_144\lib\ext\access-bridge-64.jar;C:\Program Files\Java\jre1.8.0_144\lib\ext\cldrdata.jar;C:\Program Files\Java\jre1.8.0_144\lib\ext\dnsns.jar;C:\Program Files\Java\jre1.8.0_144\lib\ext\jaccess.jar;C:\Program Files\Java\jre1.8.0_144\lib\ext\jfxrt.jar;C:\Program Files\Java\jre1.8.0_144\lib\ext\localedata.jar;C:\Program Files\Java\jre1.8.0_144\lib\ext\nashorn.jar;C:\Program Files\Java\jre1.8.0_144\lib\ext\sunec.jar;C:\Program Files\Java\jre1.8.0_144\lib\ext\sunjce_provider.jar;C:\Program Files\Java\jre1.8.0_144\lib\ext\sunmscapi.jar;C:\Program Files\Java\jre1.8.0_144\lib\ext\sunpkcs11.jar;C:\Program Files\Java\jre1.8.0_144\lib\ext\zipfs.jar;E:\Java\java-example-3\target\classes;C:\Users\asus\.m2\repository\com\kennycason\kumo-core\1.11\kumo-core-1.11.jar;C:\Users\asus\.m2\repository\com\kennycason\kumo-api\1.11\kumo-api-1.11.jar;C:\Users\asus\.m2\repository\log4j\log4j\1.2.17\log4j-1.2.17.jar;C:\Users\asus\.m2\repository\org\jsoup\jsoup\1.8.2\jsoup-1.8.2.jar;C:\Users\asus\.m2\repository\commons-io\commons-io\2.4\commons-io-2.4.jar;C:\Users\asus\.m2\repository\org\apache\commons\commons-lang3\3.4\commons-lang3-3.4.jar;C:\Users\asus\.m2\repository\com\github\davidmoten\rtree\0.8.0.1\rtree-0.8.0.1.jar;C:\Users\asus\.m2\repository\com\github\davidmoten\guava-mini\0.1\guava-mini-0.1.jar;C:\Users\asus\.m2\repository\io\reactivex\rxjava\1.2.10\rxjava-1.2.10.jar;C:\Users\asus\.m2\repository\com\github\davidmoten\rxjava-extras\0.8.0.7\rxjava-extras-0.8.0.7.jar;C:\Users\asus\.m2\repository\com\kennycason\kumo-tokenizers\1.11\kumo-tokenizers-1.11.jar;C:\Users\asus\.m2\repository\org\languagetool\language-en\2.5\language-en-2.5.jar;C:
Launcher Type: SUN_STANDARD

Environment Variables:
JAVA_HOME=C:\Program Files\Java\jdk1.8.0_144
CLASSPATH=.;C:\Program Files\Java\jdk1.8.0_144/lib/dt.jar;C:\Program Files\Java\jdk1.8.0_144/lib/tools.jar;%ANT_HOME%lib;
PATH=C:/Program Files/Java/jre1.8.0_144/bin/server;C:/Program Files/Java/jre1.8.0_144/bin;C:/Program Files/Java/jre1.8.0_144/lib/amd64;C:\ProgramData\Oracle\Java\javapath;C:\Program Files (x86)\Intel\iCLS Client\;C:\Program Files\Intel\iCLS Client\;C:\Windows\system32;C:\Windows;C:\Windows\System32\Wbem;C:\Windows\System32\WindowsPowerShell\v1.0\;C:\Program Files (x86)\Intel\Intel(R) Management Engine Components\DAL;C:\Program Files\Intel\Intel(R) Management Engine Components\DAL;C:\Program Files (x86)\Intel\Intel(R) Management Engine Components\IPT;C:\Program Files\Intel\Intel(R) Management Engine Components\IPT;C:\Program Files (x86)\NVIDIA Corporation\PhysX\Common;C:\WINDOWS\system32;C:\WINDOWS;C:\WINDOWS\System32\Wbem;C:\WINDOWS\System32\WindowsPowerShell\v1.0\;C:\Program Files (x86)\GtkSharp\2.12\bin;%ANT_HOME%bin;D:\DownloadFile\apache-maven-3.5.2-bin\apache-maven-3.5.2\bin;D:\DownloadFile\apache-tomcat-7.0.82-windows-x64\apache-tomcat-7.0.82\lib;D:\DownloadFile\apache-tomcat-7.0.82-windows-x64\apache-tomcat-7.0.82\bin;C:\Program Files\Java\jdk1.8.0_144\bin;C:\Program Files\Java\jdk1.8.0_144\jre\bin;D:\DownloadFile\apache-maven-3.5.2-bin\apache-maven-3.5.2\bin;C:\Users\asus\AppData\Local\Microsoft\WindowsApps;C:\Python27;D:\DownloadFile\apache-maven-3.5.2-bin\apache-maven-3.5.2\bin;D:\Soft\Fiddler;D:\DownloadFile\eclipse-jee-oxygen-1a-win32-x86_64\eclipse;
USERNAME=asus
OS=Windows_NT
PROCESSOR_IDENTIFIER=Intel64 Family 6 Model 61 Stepping 4, GenuineIntel



---------------  S Y S T E M  ---------------

OS: Windows 10.0 , 64 bit Build 14393 (10.0.14393.1198)

CPU:total 4 (initial active 4) (2 cores per cpu, 2 threads per core) family 6 model 61 stepping 4, cmov, cx8, fxsr, mmx, sse, sse2, sse3, ssse3, sse4.1, sse4.2, popcnt, avx, avx2, aes, clmul, erms, 3dnowpref, lzcnt, ht, tsc, tscinvbit, bmi1, bmi2, adx

Memory: 4k page, physical 4094472k(524860k free), swap 16677384k(2968k free)

vm_info: Java HotSpot(TM) 64-Bit Server VM (25.144-b01) for windows-amd64 JRE (1.8.0_144-b01), built on Jul 21 2017 21:57:33 by "java_re" with MS VC++ 10.0 (VS2010)

time: Sat Dec 02 01:03:16 2017
elapsed time: 68 seconds (0d 0h 1m 8s)

